2022-02-17 00:00:13.143  WARN 57396 --- [jwtTokenReplyContainer-C-1] org.apache.kafka.clients.NetworkClient   : [Consumer clientId=consumer-gateway-1, groupId=gateway] Bootstrap broker localhost:9092 (id: -1 rack: null) disconnected
2022-02-17 00:00:37.870  WARN 57396 --- [reactor-http-nio-3] r.netty.http.client.HttpClientConnect    : [267a8e86-1, L:0.0.0.0/0.0.0.0:59283] The connection observed an error

reactor.netty.http.client.PrematureCloseException: Connection prematurely closed BEFORE response

2022-02-17 00:00:37.897 ERROR 57396 --- [reactor-http-nio-3] a.w.r.e.AbstractErrorWebExceptionHandler : [b6f112af-1]  500 Server Error for HTTP POST "/api/v1/login"

reactor.netty.http.client.PrematureCloseException: Connection prematurely closed BEFORE response
	Suppressed: reactor.core.publisher.FluxOnAssembly$OnAssemblyException: 
Error has been observed at the following site(s):
	*__checkpoint ⇢ org.springframework.cloud.gateway.filter.WeightCalculatorWebFilter [DefaultWebFilterChain]
	*__checkpoint ⇢ org.springframework.boot.actuate.metrics.web.reactive.server.MetricsWebFilter [DefaultWebFilterChain]
	*__checkpoint ⇢ HTTP POST "/api/v1/login" [ExceptionHandlingWebHandler]
Original Stack Trace:

2022-02-17 00:00:37.932  INFO 57396 --- [jwtTokenReplyContainer-C-1] o.a.k.c.c.internals.ConsumerCoordinator  : [Consumer clientId=consumer-gateway-1, groupId=gateway] Resetting generation due to: consumer pro-actively leaving the group
2022-02-17 00:00:37.933  INFO 57396 --- [jwtTokenReplyContainer-C-1] o.a.k.c.c.internals.ConsumerCoordinator  : [Consumer clientId=consumer-gateway-1, groupId=gateway] Request joining group due to: consumer pro-actively leaving the group
2022-02-17 00:00:37.934  INFO 57396 --- [jwtTokenReplyContainer-C-1] o.a.k.clients.consumer.KafkaConsumer     : [Consumer clientId=consumer-gateway-1, groupId=gateway] Unsubscribed all topics or patterns and assigned partitions
2022-02-17 00:00:37.934  INFO 57396 --- [jwtTokenReplyContainer-C-1] o.a.k.c.c.internals.ConsumerCoordinator  : [Consumer clientId=consumer-gateway-1, groupId=gateway] Resetting generation due to: consumer pro-actively leaving the group
2022-02-17 00:00:37.935  INFO 57396 --- [jwtTokenReplyContainer-C-1] o.a.k.c.c.internals.ConsumerCoordinator  : [Consumer clientId=consumer-gateway-1, groupId=gateway] Request joining group due to: consumer pro-actively leaving the group
2022-02-17 00:00:37.936  INFO 57396 --- [jwtTokenReplyContainer-C-1] org.apache.kafka.common.metrics.Metrics  : Metrics scheduler closed
2022-02-17 00:00:37.939  INFO 57396 --- [jwtTokenReplyContainer-C-1] org.apache.kafka.common.metrics.Metrics  : Closing reporter org.apache.kafka.common.metrics.JmxReporter
2022-02-17 00:00:37.939  INFO 57396 --- [jwtTokenReplyContainer-C-1] org.apache.kafka.common.metrics.Metrics  : Metrics reporters closed
2022-02-17 00:00:37.948  INFO 57396 --- [jwtTokenReplyContainer-C-1] o.a.kafka.common.utils.AppInfoParser     : App info kafka.consumer for consumer-gateway-1 unregistered
2022-02-17 00:00:37.949  INFO 57396 --- [jwtTokenReplyContainer-C-1] o.s.k.l.KafkaMessageListenerContainer    : gateway: Consumer stopped
2022-02-17 00:02:27.971  INFO 57972 --- [restartedMain] i.c.gateway.GatewayApplication           : Starting GatewayApplication using Java 11.0.12 on MacBook-Pro.local with PID 57972 (/Users/kimseunghwan/IdeaProjects/spring-micro-gateway/target/classes started by kimseunghwan in /Users/kimseunghwan/IdeaProjects/spring-micro-gateway)
2022-02-17 00:02:27.974 DEBUG 57972 --- [restartedMain] i.c.gateway.GatewayApplication           : Running with Spring Boot v2.6.2, Spring v5.3.14
2022-02-17 00:02:27.974  INFO 57972 --- [restartedMain] i.c.gateway.GatewayApplication           : No active profile set, falling back to default profiles: default
2022-02-17 00:02:28.022  INFO 57972 --- [restartedMain] .e.DevToolsPropertyDefaultsPostProcessor : Devtools property defaults active! Set 'spring.devtools.add-properties' to 'false' to disable
2022-02-17 00:02:28.022  INFO 57972 --- [restartedMain] .e.DevToolsPropertyDefaultsPostProcessor : For additional web related logging consider setting the 'logging.level.web' property to 'DEBUG'
2022-02-17 00:02:29.245  INFO 57972 --- [restartedMain] o.s.cloud.context.scope.GenericScope     : BeanFactory id=b19506cd-8691-3661-a739-3b36dd2dfd4e
2022-02-17 00:02:30.283  INFO 57972 --- [restartedMain] o.s.c.g.r.RouteDefinitionRouteLocator    : Loaded RoutePredicateFactory [After]
2022-02-17 00:02:30.284  INFO 57972 --- [restartedMain] o.s.c.g.r.RouteDefinitionRouteLocator    : Loaded RoutePredicateFactory [Before]
2022-02-17 00:02:30.284  INFO 57972 --- [restartedMain] o.s.c.g.r.RouteDefinitionRouteLocator    : Loaded RoutePredicateFactory [Between]
2022-02-17 00:02:30.284  INFO 57972 --- [restartedMain] o.s.c.g.r.RouteDefinitionRouteLocator    : Loaded RoutePredicateFactory [Cookie]
2022-02-17 00:02:30.284  INFO 57972 --- [restartedMain] o.s.c.g.r.RouteDefinitionRouteLocator    : Loaded RoutePredicateFactory [Header]
2022-02-17 00:02:30.284  INFO 57972 --- [restartedMain] o.s.c.g.r.RouteDefinitionRouteLocator    : Loaded RoutePredicateFactory [Host]
2022-02-17 00:02:30.284  INFO 57972 --- [restartedMain] o.s.c.g.r.RouteDefinitionRouteLocator    : Loaded RoutePredicateFactory [Method]
2022-02-17 00:02:30.284  INFO 57972 --- [restartedMain] o.s.c.g.r.RouteDefinitionRouteLocator    : Loaded RoutePredicateFactory [Path]
2022-02-17 00:02:30.284  INFO 57972 --- [restartedMain] o.s.c.g.r.RouteDefinitionRouteLocator    : Loaded RoutePredicateFactory [Query]
2022-02-17 00:02:30.284  INFO 57972 --- [restartedMain] o.s.c.g.r.RouteDefinitionRouteLocator    : Loaded RoutePredicateFactory [ReadBody]
2022-02-17 00:02:30.284  INFO 57972 --- [restartedMain] o.s.c.g.r.RouteDefinitionRouteLocator    : Loaded RoutePredicateFactory [RemoteAddr]
2022-02-17 00:02:30.284  INFO 57972 --- [restartedMain] o.s.c.g.r.RouteDefinitionRouteLocator    : Loaded RoutePredicateFactory [Weight]
2022-02-17 00:02:30.284  INFO 57972 --- [restartedMain] o.s.c.g.r.RouteDefinitionRouteLocator    : Loaded RoutePredicateFactory [CloudFoundryRouteService]
2022-02-17 00:02:31.096  INFO 57972 --- [restartedMain] o.s.b.a.e.web.EndpointLinksResolver      : Exposing 1 endpoint(s) beneath base path '/actuator'
2022-02-17 00:02:31.366  WARN 57972 --- [restartedMain] o.s.b.d.a.OptionalLiveReloadServer       : Unable to start LiveReload server
2022-02-17 00:02:31.451  INFO 57972 --- [restartedMain] o.a.k.clients.consumer.ConsumerConfig    : ConsumerConfig values: 
	allow.auto.create.topics = true
	auto.commit.interval.ms = 5000
	auto.offset.reset = earliest
	bootstrap.servers = [localhost:9092]
	check.crcs = true
	client.dns.lookup = use_all_dns_ips
	client.id = consumer-gateway-1
	client.rack = 
	connections.max.idle.ms = 540000
	default.api.timeout.ms = 60000
	enable.auto.commit = false
	exclude.internal.topics = true
	fetch.max.bytes = 52428800
	fetch.max.wait.ms = 500
	fetch.min.bytes = 1
	group.id = gateway
	group.instance.id = null
	heartbeat.interval.ms = 3000
	interceptor.classes = []
	internal.leave.group.on.close = true
	internal.throw.on.fetch.stable.offset.unsupported = false
	isolation.level = read_uncommitted
	key.deserializer = class org.apache.kafka.common.serialization.StringDeserializer
	max.partition.fetch.bytes = 1048576
	max.poll.interval.ms = 300000
	max.poll.records = 500
	metadata.max.age.ms = 300000
	metric.reporters = []
	metrics.num.samples = 2
	metrics.recording.level = INFO
	metrics.sample.window.ms = 30000
	partition.assignment.strategy = [class org.apache.kafka.clients.consumer.RangeAssignor, class org.apache.kafka.clients.consumer.CooperativeStickyAssignor]
	receive.buffer.bytes = 65536
	reconnect.backoff.max.ms = 1000
	reconnect.backoff.ms = 50
	request.timeout.ms = 30000
	retry.backoff.ms = 100
	sasl.client.callback.handler.class = null
	sasl.jaas.config = null
	sasl.kerberos.kinit.cmd = /usr/bin/kinit
	sasl.kerberos.min.time.before.relogin = 60000
	sasl.kerberos.service.name = null
	sasl.kerberos.ticket.renew.jitter = 0.05
	sasl.kerberos.ticket.renew.window.factor = 0.8
	sasl.login.callback.handler.class = null
	sasl.login.class = null
	sasl.login.refresh.buffer.seconds = 300
	sasl.login.refresh.min.period.seconds = 60
	sasl.login.refresh.window.factor = 0.8
	sasl.login.refresh.window.jitter = 0.05
	sasl.mechanism = GSSAPI
	security.protocol = PLAINTEXT
	security.providers = null
	send.buffer.bytes = 131072
	session.timeout.ms = 45000
	socket.connection.setup.timeout.max.ms = 30000
	socket.connection.setup.timeout.ms = 10000
	ssl.cipher.suites = null
	ssl.enabled.protocols = [TLSv1.2, TLSv1.3]
	ssl.endpoint.identification.algorithm = https
	ssl.engine.factory.class = null
	ssl.key.password = null
	ssl.keymanager.algorithm = SunX509
	ssl.keystore.certificate.chain = null
	ssl.keystore.key = null
	ssl.keystore.location = null
	ssl.keystore.password = null
	ssl.keystore.type = JKS
	ssl.protocol = TLSv1.3
	ssl.provider = null
	ssl.secure.random.implementation = null
	ssl.trustmanager.algorithm = PKIX
	ssl.truststore.certificates = null
	ssl.truststore.location = null
	ssl.truststore.password = null
	ssl.truststore.type = JKS
	value.deserializer = class org.apache.kafka.common.serialization.StringDeserializer

2022-02-17 00:02:31.499  INFO 57972 --- [restartedMain] o.a.kafka.common.utils.AppInfoParser     : Kafka version: 3.0.0
2022-02-17 00:02:31.499  INFO 57972 --- [restartedMain] o.a.kafka.common.utils.AppInfoParser     : Kafka commitId: 8cb0a5e9d3441962
2022-02-17 00:02:31.499  INFO 57972 --- [restartedMain] o.a.kafka.common.utils.AppInfoParser     : Kafka startTimeMs: 1645084951496
2022-02-17 00:02:31.501  INFO 57972 --- [restartedMain] o.a.k.clients.consumer.KafkaConsumer     : [Consumer clientId=consumer-gateway-1, groupId=gateway] Subscribed to topic(s): topic.validate.result.jwt.token
2022-02-17 00:02:31.570  INFO 57972 --- [restartedMain] o.s.b.web.embedded.netty.NettyWebServer  : Netty started on port 8080
2022-02-17 00:02:31.686  INFO 57972 --- [restartedMain] i.c.gateway.GatewayApplication           : Started GatewayApplication in 4.295 seconds (JVM running for 5.139)
2022-02-17 00:02:31.829  WARN 57972 --- [jwtTokenReplyContainer-C-1] org.apache.kafka.clients.NetworkClient   : [Consumer clientId=consumer-gateway-1, groupId=gateway] Error while fetching metadata with correlation id 2 : {topic.validate.result.jwt.token=LEADER_NOT_AVAILABLE}
2022-02-17 00:02:31.831  INFO 57972 --- [jwtTokenReplyContainer-C-1] org.apache.kafka.clients.Metadata        : [Consumer clientId=consumer-gateway-1, groupId=gateway] Cluster ID: YVczAHasR0uMJCacYJBFWw
2022-02-17 00:02:31.845  INFO 57972 --- [jwtTokenReplyContainer-C-1] o.a.k.c.c.internals.ConsumerCoordinator  : [Consumer clientId=consumer-gateway-1, groupId=gateway] Discovered group coordinator 127.0.0.1:9092 (id: 2147483646 rack: null)
2022-02-17 00:02:31.851  INFO 57972 --- [jwtTokenReplyContainer-C-1] o.a.k.c.c.internals.ConsumerCoordinator  : [Consumer clientId=consumer-gateway-1, groupId=gateway] (Re-)joining group
2022-02-17 00:02:31.895  INFO 57972 --- [jwtTokenReplyContainer-C-1] o.a.k.c.c.internals.ConsumerCoordinator  : [Consumer clientId=consumer-gateway-1, groupId=gateway] Request joining group due to: need to re-join with the given member-id
2022-02-17 00:02:31.896  INFO 57972 --- [jwtTokenReplyContainer-C-1] o.a.k.c.c.internals.ConsumerCoordinator  : [Consumer clientId=consumer-gateway-1, groupId=gateway] (Re-)joining group
2022-02-17 00:02:31.927  INFO 57972 --- [jwtTokenReplyContainer-C-1] o.a.k.c.c.internals.ConsumerCoordinator  : [Consumer clientId=consumer-gateway-1, groupId=gateway] Successfully joined group with generation Generation{generationId=1, memberId='consumer-gateway-1-fa82043d-61fb-4ec1-b61b-cdd3e288b1f7', protocol='range'}
2022-02-17 00:02:31.963  WARN 57972 --- [jwtTokenReplyContainer-C-1] org.apache.kafka.clients.NetworkClient   : [Consumer clientId=consumer-gateway-1, groupId=gateway] Error while fetching metadata with correlation id 7 : {topic.validate.result.jwt.token=LEADER_NOT_AVAILABLE}
2022-02-17 00:02:31.965  WARN 57972 --- [jwtTokenReplyContainer-C-1] o.a.k.c.c.internals.ConsumerCoordinator  : [Consumer clientId=consumer-gateway-1, groupId=gateway] The following subscribed topics are not assigned to any members: [topic.validate.result.jwt.token] 
2022-02-17 00:02:31.965  INFO 57972 --- [jwtTokenReplyContainer-C-1] o.a.k.c.c.internals.ConsumerCoordinator  : [Consumer clientId=consumer-gateway-1, groupId=gateway] Finished assignment for group at generation 1: {consumer-gateway-1-fa82043d-61fb-4ec1-b61b-cdd3e288b1f7=Assignment(partitions=[])}
2022-02-17 00:02:32.010  INFO 57972 --- [jwtTokenReplyContainer-C-1] o.a.k.c.c.internals.ConsumerCoordinator  : [Consumer clientId=consumer-gateway-1, groupId=gateway] Successfully synced group in generation Generation{generationId=1, memberId='consumer-gateway-1-fa82043d-61fb-4ec1-b61b-cdd3e288b1f7', protocol='range'}
2022-02-17 00:02:32.015  INFO 57972 --- [jwtTokenReplyContainer-C-1] o.a.k.c.c.internals.ConsumerCoordinator  : [Consumer clientId=consumer-gateway-1, groupId=gateway] Notifying assignor about the new Assignment(partitions=[])
2022-02-17 00:02:32.016  INFO 57972 --- [jwtTokenReplyContainer-C-1] o.a.k.c.c.internals.ConsumerCoordinator  : [Consumer clientId=consumer-gateway-1, groupId=gateway] Adding newly assigned partitions: 
2022-02-17 00:02:32.016  INFO 57972 --- [jwtTokenReplyContainer-C-1] o.s.k.l.KafkaMessageListenerContainer    : gateway: partitions assigned: []
2022-02-17 00:02:32.082  INFO 57972 --- [jwtTokenReplyContainer-C-1] o.a.k.c.c.internals.ConsumerCoordinator  : [Consumer clientId=consumer-gateway-1, groupId=gateway] Request joining group due to: cached metadata has changed from (version3: {}) at the beginning of the rebalance to (version4: {topic.validate.result.jwt.token=1})
2022-02-17 00:02:32.082  INFO 57972 --- [jwtTokenReplyContainer-C-1] o.a.k.c.c.internals.ConsumerCoordinator  : [Consumer clientId=consumer-gateway-1, groupId=gateway] Request joining group due to: cached metadata has changed from (version3: {}) at the beginning of the rebalance to (version4: {topic.validate.result.jwt.token=1})
2022-02-17 00:02:32.083  INFO 57972 --- [jwtTokenReplyContainer-C-1] o.a.k.c.c.internals.ConsumerCoordinator  : [Consumer clientId=consumer-gateway-1, groupId=gateway] Revoke previously assigned partitions 
2022-02-17 00:02:32.083  INFO 57972 --- [jwtTokenReplyContainer-C-1] o.s.k.l.KafkaMessageListenerContainer    : gateway: partitions revoked: []
2022-02-17 00:02:32.084  INFO 57972 --- [jwtTokenReplyContainer-C-1] o.a.k.c.c.internals.ConsumerCoordinator  : [Consumer clientId=consumer-gateway-1, groupId=gateway] (Re-)joining group
2022-02-17 00:02:32.120  INFO 57972 --- [jwtTokenReplyContainer-C-1] o.a.k.c.c.internals.ConsumerCoordinator  : [Consumer clientId=consumer-gateway-1, groupId=gateway] Successfully joined group with generation Generation{generationId=2, memberId='consumer-gateway-1-fa82043d-61fb-4ec1-b61b-cdd3e288b1f7', protocol='range'}
2022-02-17 00:02:32.121  INFO 57972 --- [jwtTokenReplyContainer-C-1] o.a.k.c.c.internals.ConsumerCoordinator  : [Consumer clientId=consumer-gateway-1, groupId=gateway] Finished assignment for group at generation 2: {consumer-gateway-1-fa82043d-61fb-4ec1-b61b-cdd3e288b1f7=Assignment(partitions=[topic.validate.result.jwt.token-0])}
2022-02-17 00:02:32.140  INFO 57972 --- [jwtTokenReplyContainer-C-1] o.a.k.c.c.internals.ConsumerCoordinator  : [Consumer clientId=consumer-gateway-1, groupId=gateway] Successfully synced group in generation Generation{generationId=2, memberId='consumer-gateway-1-fa82043d-61fb-4ec1-b61b-cdd3e288b1f7', protocol='range'}
2022-02-17 00:02:32.140  INFO 57972 --- [jwtTokenReplyContainer-C-1] o.a.k.c.c.internals.ConsumerCoordinator  : [Consumer clientId=consumer-gateway-1, groupId=gateway] Notifying assignor about the new Assignment(partitions=[topic.validate.result.jwt.token-0])
2022-02-17 00:02:32.142  INFO 57972 --- [jwtTokenReplyContainer-C-1] o.a.k.c.c.internals.ConsumerCoordinator  : [Consumer clientId=consumer-gateway-1, groupId=gateway] Adding newly assigned partitions: topic.validate.result.jwt.token-0
2022-02-17 00:02:32.142  INFO 57972 --- [jwtTokenReplyContainer-C-1] o.s.k.l.KafkaMessageListenerContainer    : gateway: partitions assigned: [topic.validate.result.jwt.token-0]
2022-02-17 00:02:32.153  INFO 57972 --- [jwtTokenReplyContainer-C-1] o.a.k.c.c.internals.ConsumerCoordinator  : [Consumer clientId=consumer-gateway-1, groupId=gateway] Found no committed offset for partition topic.validate.result.jwt.token-0
2022-02-17 00:02:32.165  INFO 57972 --- [jwtTokenReplyContainer-C-1] o.a.k.c.c.internals.SubscriptionState    : [Consumer clientId=consumer-gateway-1, groupId=gateway] Resetting offset for partition topic.validate.result.jwt.token-0 to position FetchPosition{offset=0, offsetEpoch=Optional.empty, currentLeader=LeaderAndEpoch{leader=Optional[127.0.0.1:9092 (id: 1 rack: null)], epoch=0}}.
2022-02-17 00:11:36.014 DEBUG 57972 --- [reactor-http-nio-3] i.c.g.s.impl.JwtTokenMessageServiceImpl  : topic = topic.validate.jwt.token, payload = JwtTokenMessage.ValidateMessage(jwtToken=eyJhbGciOiJIUzI1NiJ9.eyJzdWIiOiJ0ZXN0QGNvb2xleHBsb3Jlci5pbyIsInJvbGVzIjpbIlJPTEVfVVNFUiJdLCJpYXQiOjE2NDUwODU0OTEsImV4cCI6MTY0NTA4NTc5MX0.q9-pZtNa16dEftjlNOwc21Z5K31eLJhbzZaDkLZE1zM)
2022-02-17 00:11:36.052  INFO 57972 --- [reactor-http-nio-3] o.a.k.clients.producer.ProducerConfig    : ProducerConfig values: 
	acks = -1
	batch.size = 16384
	bootstrap.servers = [localhost:9092]
	buffer.memory = 33554432
	client.dns.lookup = use_all_dns_ips
	client.id = producer-1
	compression.type = none
	connections.max.idle.ms = 540000
	delivery.timeout.ms = 120000
	enable.idempotence = true
	interceptor.classes = []
	key.serializer = class org.apache.kafka.common.serialization.StringSerializer
	linger.ms = 0
	max.block.ms = 60000
	max.in.flight.requests.per.connection = 5
	max.request.size = 1048576
	metadata.max.age.ms = 300000
	metadata.max.idle.ms = 300000
	metric.reporters = []
	metrics.num.samples = 2
	metrics.recording.level = INFO
	metrics.sample.window.ms = 30000
	partitioner.class = class org.apache.kafka.clients.producer.internals.DefaultPartitioner
	receive.buffer.bytes = 32768
	reconnect.backoff.max.ms = 1000
	reconnect.backoff.ms = 50
	request.timeout.ms = 30000
	retries = 2147483647
	retry.backoff.ms = 100
	sasl.client.callback.handler.class = null
	sasl.jaas.config = null
	sasl.kerberos.kinit.cmd = /usr/bin/kinit
	sasl.kerberos.min.time.before.relogin = 60000
	sasl.kerberos.service.name = null
	sasl.kerberos.ticket.renew.jitter = 0.05
	sasl.kerberos.ticket.renew.window.factor = 0.8
	sasl.login.callback.handler.class = null
	sasl.login.class = null
	sasl.login.refresh.buffer.seconds = 300
	sasl.login.refresh.min.period.seconds = 60
	sasl.login.refresh.window.factor = 0.8
	sasl.login.refresh.window.jitter = 0.05
	sasl.mechanism = GSSAPI
	security.protocol = PLAINTEXT
	security.providers = null
	send.buffer.bytes = 131072
	socket.connection.setup.timeout.max.ms = 30000
	socket.connection.setup.timeout.ms = 10000
	ssl.cipher.suites = null
	ssl.enabled.protocols = [TLSv1.2, TLSv1.3]
	ssl.endpoint.identification.algorithm = https
	ssl.engine.factory.class = null
	ssl.key.password = null
	ssl.keymanager.algorithm = SunX509
	ssl.keystore.certificate.chain = null
	ssl.keystore.key = null
	ssl.keystore.location = null
	ssl.keystore.password = null
	ssl.keystore.type = JKS
	ssl.protocol = TLSv1.3
	ssl.provider = null
	ssl.secure.random.implementation = null
	ssl.trustmanager.algorithm = PKIX
	ssl.truststore.certificates = null
	ssl.truststore.location = null
	ssl.truststore.password = null
	ssl.truststore.type = JKS
	transaction.timeout.ms = 60000
	transactional.id = null
	value.serializer = class org.springframework.kafka.support.serializer.JsonSerializer

2022-02-17 00:11:36.084  INFO 57972 --- [reactor-http-nio-3] o.a.kafka.common.utils.AppInfoParser     : Kafka version: 3.0.0
2022-02-17 00:11:36.084  INFO 57972 --- [reactor-http-nio-3] o.a.kafka.common.utils.AppInfoParser     : Kafka commitId: 8cb0a5e9d3441962
2022-02-17 00:11:36.084  INFO 57972 --- [reactor-http-nio-3] o.a.kafka.common.utils.AppInfoParser     : Kafka startTimeMs: 1645085496083
2022-02-17 00:11:36.139  INFO 57972 --- [kafka-producer-network-thread | producer-1] org.apache.kafka.clients.Metadata        : [Producer clientId=producer-1] Cluster ID: YVczAHasR0uMJCacYJBFWw
2022-02-17 00:11:36.220 DEBUG 57972 --- [reactor-http-nio-3] i.c.g.s.impl.JwtTokenMessageServiceImpl  : SendResult : SendResult [producerRecord=ProducerRecord(topic=topic.validate.jwt.token, partition=null, headers=RecordHeaders(headers = [RecordHeader(key = kafka_replyTopic, value = [116, 111, 112, 105, 99, 46, 118, 97, 108, 105, 100, 97, 116, 101, 46, 114, 101, 115, 117, 108, 116, 46, 106, 119, 116, 46, 116, 111, 107, 101, 110]), RecordHeader(key = kafka_correlationId, value = [36, 19, -114, -56, -110, 41, 76, -26, -99, 107, -1, 4, -125, 109, -42, 51]), RecordHeader(key = __TypeId__, value = [105, 111, 46, 99, 111, 111, 108, 101, 120, 112, 108, 111, 114, 101, 114, 46, 103, 97, 116, 101, 119, 97, 121, 46, 109, 101, 115, 115, 97, 103, 101, 46, 74, 119, 116, 84, 111, 107, 101, 110, 77, 101, 115, 115, 97, 103, 101, 36, 86, 97, 108, 105, 100, 97, 116, 101, 77, 101, 115, 115, 97, 103, 101])], isReadOnly = true), key=null, value=JwtTokenMessage.ValidateMessage(jwtToken=eyJhbGciOiJIUzI1NiJ9.eyJzdWIiOiJ0ZXN0QGNvb2xleHBsb3Jlci5pbyIsInJvbGVzIjpbIlJPTEVfVVNFUiJdLCJpYXQiOjE2NDUwODU0OTEsImV4cCI6MTY0NTA4NTc5MX0.q9-pZtNa16dEftjlNOwc21Z5K31eLJhbzZaDkLZE1zM), timestamp=null), recordMetadata=topic.validate.jwt.token-0@0]
2022-02-17 00:11:57.843  INFO 57972 --- [jwtTokenReplyContainer-C-1] o.a.k.c.c.internals.ConsumerCoordinator  : [Consumer clientId=consumer-gateway-1, groupId=gateway] Revoke previously assigned partitions topic.validate.result.jwt.token-0
2022-02-17 00:11:57.844  INFO 57972 --- [jwtTokenReplyContainer-C-1] o.s.k.l.KafkaMessageListenerContainer    : gateway: partitions revoked: [topic.validate.result.jwt.token-0]
2022-02-17 00:11:57.844  INFO 57972 --- [jwtTokenReplyContainer-C-1] o.a.k.c.c.internals.ConsumerCoordinator  : [Consumer clientId=consumer-gateway-1, groupId=gateway] Member consumer-gateway-1-fa82043d-61fb-4ec1-b61b-cdd3e288b1f7 sending LeaveGroup request to coordinator 127.0.0.1:9092 (id: 2147483646 rack: null) due to the consumer unsubscribed from all topics
2022-02-17 00:11:57.846  INFO 57972 --- [jwtTokenReplyContainer-C-1] o.a.k.c.c.internals.ConsumerCoordinator  : [Consumer clientId=consumer-gateway-1, groupId=gateway] Resetting generation due to: consumer pro-actively leaving the group
2022-02-17 00:11:57.846  INFO 57972 --- [jwtTokenReplyContainer-C-1] o.a.k.c.c.internals.ConsumerCoordinator  : [Consumer clientId=consumer-gateway-1, groupId=gateway] Request joining group due to: consumer pro-actively leaving the group
2022-02-17 00:11:57.846  INFO 57972 --- [jwtTokenReplyContainer-C-1] o.a.k.clients.consumer.KafkaConsumer     : [Consumer clientId=consumer-gateway-1, groupId=gateway] Unsubscribed all topics or patterns and assigned partitions
2022-02-17 00:11:57.846  INFO 57972 --- [jwtTokenReplyContainer-C-1] o.a.k.c.c.internals.ConsumerCoordinator  : [Consumer clientId=consumer-gateway-1, groupId=gateway] Resetting generation due to: consumer pro-actively leaving the group
2022-02-17 00:11:57.846  INFO 57972 --- [jwtTokenReplyContainer-C-1] o.a.k.c.c.internals.ConsumerCoordinator  : [Consumer clientId=consumer-gateway-1, groupId=gateway] Request joining group due to: consumer pro-actively leaving the group
2022-02-17 00:11:57.879  INFO 57972 --- [jwtTokenReplyContainer-C-1] org.apache.kafka.common.metrics.Metrics  : Metrics scheduler closed
2022-02-17 00:11:57.897  INFO 57972 --- [jwtTokenReplyContainer-C-1] org.apache.kafka.common.metrics.Metrics  : Closing reporter org.apache.kafka.common.metrics.JmxReporter
2022-02-17 00:11:57.898  INFO 57972 --- [jwtTokenReplyContainer-C-1] org.apache.kafka.common.metrics.Metrics  : Metrics reporters closed
2022-02-17 00:11:57.912  INFO 57972 --- [jwtTokenReplyContainer-C-1] o.a.kafka.common.utils.AppInfoParser     : App info kafka.consumer for consumer-gateway-1 unregistered
2022-02-17 00:11:57.912  INFO 57972 --- [jwtTokenReplyContainer-C-1] o.s.k.l.KafkaMessageListenerContainer    : gateway: Consumer stopped
2022-02-17 00:11:57.922  INFO 57972 --- [SpringApplicationShutdownHook] o.a.k.clients.producer.KafkaProducer     : [Producer clientId=producer-1] Closing the Kafka producer with timeoutMillis = 30000 ms.
2022-02-17 00:11:57.925  INFO 57972 --- [SpringApplicationShutdownHook] org.apache.kafka.common.metrics.Metrics  : Metrics scheduler closed
2022-02-17 00:11:57.925  INFO 57972 --- [SpringApplicationShutdownHook] org.apache.kafka.common.metrics.Metrics  : Closing reporter org.apache.kafka.common.metrics.JmxReporter
2022-02-17 00:11:57.925  INFO 57972 --- [SpringApplicationShutdownHook] org.apache.kafka.common.metrics.Metrics  : Metrics reporters closed
2022-02-17 00:11:57.927  INFO 57972 --- [SpringApplicationShutdownHook] o.a.kafka.common.utils.AppInfoParser     : App info kafka.producer for producer-1 unregistered
